<?xml version="1.0" encoding="UTF-8"?>
<testng-results ignored="0" total="1" passed="1" failed="0" skipped="0">
  <reporter-output>
    <line>
      <![CDATA[Setting up report and test is getting ready]]>
    </line>
    <line>
      <![CDATA[Trying to start browser and getting applycation ready]]>
    </line>
    <line>
      <![CDATA[Applycation is up and running]]>
    </line>
    <line>
      <![CDATA[Test is about to end]]>
    </line>
    <line>
      <![CDATA[Test completed]]>
    </line>
  </reporter-output>
  <suite started-at="2023-06-10T11:31:42Z" name="Suite" finished-at="2023-06-10T11:31:56Z" duration-ms="14463">
    <groups>
    </groups>
    <test started-at="2023-06-10T11:31:42Z" name="Test" finished-at="2023-06-10T11:31:56Z" duration-ms="14463">
      <class name="com.learnautomation.testcases.LogineTestCRM">
        <test-method is-config="true" signature="setUpsuit()[pri:0, instance:com.learnautomation.testcases.LogineTestCRM@75f32542]" started-at="2023-06-10T11:31:41Z" name="setUpsuit" finished-at="2023-06-10T11:31:42Z" duration-ms="733" status="PASS">
          <reporter-output>
            <line>
              <![CDATA[Setting up report and test is getting ready]]>
            </line>
          </reporter-output>
        </test-method> <!-- setUpsuit -->
        <test-method is-config="true" signature="setup()[pri:0, instance:com.learnautomation.testcases.LogineTestCRM@75f32542]" started-at="2023-06-10T11:31:42Z" name="setup" finished-at="2023-06-10T11:31:48Z" duration-ms="6374" status="PASS">
          <reporter-output>
            <line>
              <![CDATA[Trying to start browser and getting applycation ready]]>
            </line>
            <line>
              <![CDATA[Applycation is up and running]]>
            </line>
          </reporter-output>
        </test-method> <!-- setup -->
        <test-method signature="loginApp()[pri:0, instance:com.learnautomation.testcases.LogineTestCRM@75f32542]" started-at="2023-06-10T11:31:48Z" name="loginApp" finished-at="2023-06-10T11:31:55Z" duration-ms="7008" status="PASS">
          <reporter-output>
          </reporter-output>
        </test-method> <!-- loginApp -->
        <test-method is-config="true" signature="tearDownMethod(org.testng.ITestResult)[pri:0, instance:com.learnautomation.testcases.LogineTestCRM@75f32542]" started-at="2023-06-10T11:31:55Z" name="tearDownMethod" finished-at="2023-06-10T11:31:56Z" duration-ms="942" status="PASS">
          <params>
            <param index="0">
              <value>
                <![CDATA[[TestResult name=loginApp status=SUCCESS method=LogineTestCRM.loginApp()[pri:0, instance:com.learnautomation.testcases.LogineTestCRM@75f32542] output={null}]]]>
              </value>
            </param>
          </params>
          <reporter-output>
            <line>
              <![CDATA[Test is about to end]]>
            </line>
            <line>
              <![CDATA[Test completed]]>
            </line>
          </reporter-output>
        </test-method> <!-- tearDownMethod -->
        <test-method is-config="true" signature="tearDown()[pri:0, instance:com.learnautomation.testcases.LogineTestCRM@75f32542]" started-at="2023-06-10T11:31:56Z" name="tearDown" finished-at="2023-06-10T11:31:56Z" duration-ms="120" status="PASS">
          <reporter-output>
          </reporter-output>
        </test-method> <!-- tearDown -->
      </class> <!-- com.learnautomation.testcases.LogineTestCRM -->
    </test> <!-- Test -->
  </suite> <!-- Suite -->
</testng-results>
